<?xml version="1.0" encoding="UTF-8"?>
<testsuite name="com.ecom.productrepository.ProductRepositoryApplicationTests" tests="1" skipped="0" failures="0" errors="0" timestamp="2019-05-29T09:52:48" hostname="RohanReddy.local" time="0.05">
  <properties/>
  <testcase name="contextLoads" classname="com.ecom.productrepository.ProductRepositoryApplicationTests" time="0.05"/>
  <system-out><![CDATA[01:52:17.652 [Test worker] DEBUG org.springframework.test.context.junit4.SpringJUnit4ClassRunner - SpringJUnit4ClassRunner constructor called with [class com.ecom.productrepository.ProductRepositoryApplicationTests]
01:52:17.659 [Test worker] DEBUG org.springframework.test.context.BootstrapUtils - Instantiating CacheAwareContextLoaderDelegate from class [org.springframework.test.context.cache.DefaultCacheAwareContextLoaderDelegate]
01:52:17.667 [Test worker] DEBUG org.springframework.test.context.BootstrapUtils - Instantiating BootstrapContext using constructor [public org.springframework.test.context.support.DefaultBootstrapContext(java.lang.Class,org.springframework.test.context.CacheAwareContextLoaderDelegate)]
01:52:17.686 [Test worker] DEBUG org.springframework.test.context.BootstrapUtils - Instantiating TestContextBootstrapper for test class [com.ecom.productrepository.ProductRepositoryApplicationTests] from class [org.springframework.boot.test.context.SpringBootTestContextBootstrapper]
01:52:17.697 [Test worker] INFO org.springframework.boot.test.context.SpringBootTestContextBootstrapper - Neither @ContextConfiguration nor @ContextHierarchy found for test class [com.ecom.productrepository.ProductRepositoryApplicationTests], using SpringBootContextLoader
01:52:17.700 [Test worker] DEBUG org.springframework.test.context.support.AbstractContextLoader - Did not detect default resource location for test class [com.ecom.productrepository.ProductRepositoryApplicationTests]: class path resource [com/ecom/productrepository/ProductRepositoryApplicationTests-context.xml] does not exist
01:52:17.700 [Test worker] DEBUG org.springframework.test.context.support.AbstractContextLoader - Did not detect default resource location for test class [com.ecom.productrepository.ProductRepositoryApplicationTests]: class path resource [com/ecom/productrepository/ProductRepositoryApplicationTestsContext.groovy] does not exist
01:52:17.700 [Test worker] INFO org.springframework.test.context.support.AbstractContextLoader - Could not detect default resource locations for test class [com.ecom.productrepository.ProductRepositoryApplicationTests]: no resource found for suffixes {-context.xml, Context.groovy}.
01:52:17.701 [Test worker] INFO org.springframework.test.context.support.AnnotationConfigContextLoaderUtils - Could not detect default configuration classes for test class [com.ecom.productrepository.ProductRepositoryApplicationTests]: ProductRepositoryApplicationTests does not declare any static, non-private, non-final, nested classes annotated with @Configuration.
01:52:17.740 [Test worker] DEBUG org.springframework.test.context.support.ActiveProfilesUtils - Could not find an 'annotation declaring class' for annotation type [org.springframework.test.context.ActiveProfiles] and class [com.ecom.productrepository.ProductRepositoryApplicationTests]
01:52:17.808 [Test worker] DEBUG org.springframework.context.annotation.ClassPathScanningCandidateComponentProvider - Identified candidate component class: file [/Training/product-repository/build/classes/java/main/com/ecom/productrepository/ProductRepositoryApplication.class]
01:52:17.810 [Test worker] INFO org.springframework.boot.test.context.SpringBootTestContextBootstrapper - Found @SpringBootConfiguration com.ecom.productrepository.ProductRepositoryApplication for test class com.ecom.productrepository.ProductRepositoryApplicationTests
01:52:17.906 [Test worker] DEBUG org.springframework.boot.test.context.SpringBootTestContextBootstrapper - @TestExecutionListeners is not present for class [com.ecom.productrepository.ProductRepositoryApplicationTests]: using defaults.
01:52:17.907 [Test worker] INFO org.springframework.boot.test.context.SpringBootTestContextBootstrapper - Loaded default TestExecutionListener class names from location [META-INF/spring.factories]: [org.springframework.boot.test.autoconfigure.restdocs.RestDocsTestExecutionListener, org.springframework.boot.test.autoconfigure.web.client.MockRestServiceServerResetTestExecutionListener, org.springframework.boot.test.autoconfigure.web.servlet.MockMvcPrintOnlyOnFailureTestExecutionListener, org.springframework.boot.test.autoconfigure.web.servlet.WebDriverTestExecutionListener, org.springframework.boot.test.mock.mockito.MockitoTestExecutionListener, org.springframework.boot.test.mock.mockito.ResetMocksTestExecutionListener, org.springframework.test.context.web.ServletTestExecutionListener, org.springframework.test.context.support.DirtiesContextBeforeModesTestExecutionListener, org.springframework.test.context.support.DependencyInjectionTestExecutionListener, org.springframework.test.context.support.DirtiesContextTestExecutionListener, org.springframework.test.context.transaction.TransactionalTestExecutionListener, org.springframework.test.context.jdbc.SqlScriptsTestExecutionListener]
01:52:17.930 [Test worker] INFO org.springframework.boot.test.context.SpringBootTestContextBootstrapper - Using TestExecutionListeners: [org.springframework.test.context.web.ServletTestExecutionListener@7008d4f9, org.springframework.test.context.support.DirtiesContextBeforeModesTestExecutionListener@78450fa9, org.springframework.boot.test.mock.mockito.MockitoTestExecutionListener@21c7f812, org.springframework.boot.test.autoconfigure.SpringBootDependencyInjectionTestExecutionListener@1d0e325e, org.springframework.test.context.support.DirtiesContextTestExecutionListener@2b17821a, org.springframework.test.context.transaction.TransactionalTestExecutionListener@7b7fe896, org.springframework.test.context.jdbc.SqlScriptsTestExecutionListener@65e69883, org.springframework.boot.test.autoconfigure.restdocs.RestDocsTestExecutionListener@916caa3, org.springframework.boot.test.autoconfigure.web.client.MockRestServiceServerResetTestExecutionListener@1e069ec9, org.springframework.boot.test.autoconfigure.web.servlet.MockMvcPrintOnlyOnFailureTestExecutionListener@1a39fec7, org.springframework.boot.test.autoconfigure.web.servlet.WebDriverTestExecutionListener@4b4a5f83, org.springframework.boot.test.mock.mockito.ResetMocksTestExecutionListener@74b6c79b]
01:52:17.933 [Test worker] DEBUG org.springframework.test.annotation.ProfileValueUtils - Retrieved @ProfileValueSourceConfiguration [null] for test class [com.ecom.productrepository.ProductRepositoryApplicationTests]
01:52:17.933 [Test worker] DEBUG org.springframework.test.annotation.ProfileValueUtils - Retrieved ProfileValueSource type [class org.springframework.test.annotation.SystemProfileValueSource] for class [com.ecom.productrepository.ProductRepositoryApplicationTests]
01:52:17.934 [Test worker] DEBUG org.springframework.test.annotation.ProfileValueUtils - Retrieved @ProfileValueSourceConfiguration [null] for test class [com.ecom.productrepository.ProductRepositoryApplicationTests]
01:52:17.934 [Test worker] DEBUG org.springframework.test.annotation.ProfileValueUtils - Retrieved ProfileValueSource type [class org.springframework.test.annotation.SystemProfileValueSource] for class [com.ecom.productrepository.ProductRepositoryApplicationTests]
01:52:17.939 [Test worker] DEBUG org.springframework.test.context.support.AbstractDirtiesContextTestExecutionListener - Before test class: context [DefaultTestContext@523c003f testClass = ProductRepositoryApplicationTests, testInstance = [null], testMethod = [null], testException = [null], mergedContextConfiguration = [WebMergedContextConfiguration@30236dfc testClass = ProductRepositoryApplicationTests, locations = '{}', classes = '{class com.ecom.productrepository.ProductRepositoryApplication}', contextInitializerClasses = '[]', activeProfiles = '{}', propertySourceLocations = '{}', propertySourceProperties = '{org.springframework.boot.test.context.SpringBootTestContextBootstrapper=true}', contextCustomizers = set[org.springframework.boot.test.autoconfigure.properties.PropertyMappingContextCustomizer@0, org.springframework.boot.test.autoconfigure.web.servlet.WebDriverContextCustomizerFactory$Customizer@6cb2f200, org.springframework.boot.test.context.filter.ExcludeFilterContextCustomizer@25f2ba89, org.springframework.boot.test.json.DuplicateJsonObjectContextCustomizerFactory$DuplicateJsonObjectContextCustomizer@65b439c7, org.springframework.boot.test.mock.mockito.MockitoContextCustomizer@0, org.springframework.boot.test.web.client.TestRestTemplateContextCustomizer@4fedc971], resourceBasePath = 'src/main/webapp', contextLoader = 'org.springframework.boot.test.context.SpringBootContextLoader', parent = [null]], attributes = map['org.springframework.test.context.web.ServletTestExecutionListener.activateListener' -> true]], class annotated with @DirtiesContext [false] with mode [null].
01:52:17.939 [Test worker] DEBUG org.springframework.test.annotation.ProfileValueUtils - Retrieved @ProfileValueSourceConfiguration [null] for test class [com.ecom.productrepository.ProductRepositoryApplicationTests]
01:52:17.939 [Test worker] DEBUG org.springframework.test.annotation.ProfileValueUtils - Retrieved ProfileValueSource type [class org.springframework.test.annotation.SystemProfileValueSource] for class [com.ecom.productrepository.ProductRepositoryApplicationTests]
01:52:17.956 [Test worker] DEBUG org.springframework.test.context.support.TestPropertySourceUtils - Adding inlined properties to environment: {spring.jmx.enabled=false, org.springframework.boot.test.context.SpringBootTestContextBootstrapper=true, server.port=-1}

  .   ____          _            __ _ _
 /\\ / ___'_ __ _ _(_)_ __  __ _ \ \ \ \
( ( )\___ | '_ | '_| | '_ \/ _` | \ \ \ \
 \\/  ___)| |_)| | | | | || (_| |  ) ) ) )
  '  |____| .__|_| |_|_| |_\__, | / / / /
 =========|_|==============|___/=/_/_/_/
 :: Spring Boot ::        (v2.1.5.RELEASE)

2019-05-29 01:52:33.225  INFO 23006 --- [    Test worker] c.e.p.ProductRepositoryApplicationTests  : Starting ProductRepositoryApplicationTests on RohanReddy.local with PID 23006 (started by nisum in /Training/product-repository)
2019-05-29 01:52:33.227  INFO 23006 --- [    Test worker] c.e.p.ProductRepositoryApplicationTests  : No active profile set, falling back to default profiles: default
2019-05-29 01:52:34.160  INFO 23006 --- [    Test worker] .s.d.r.c.RepositoryConfigurationDelegate : Bootstrapping Spring Data repositories in DEFAULT mode.
2019-05-29 01:52:34.216  INFO 23006 --- [    Test worker] .s.d.r.c.RepositoryConfigurationDelegate : Finished Spring Data repository scanning in 49ms. Found 1 repository interfaces.
2019-05-29 01:52:34.783  INFO 23006 --- [    Test worker] trationDelegate$BeanPostProcessorChecker : Bean 'org.springframework.transaction.annotation.ProxyTransactionManagementConfiguration' of type [org.springframework.transaction.annotation.ProxyTransactionManagementConfiguration$$EnhancerBySpringCGLIB$$dbbc3c89] is not eligible for getting processed by all BeanPostProcessors (for example: not eligible for auto-proxying)
2019-05-29 01:52:35.063  INFO 23006 --- [    Test worker] com.zaxxer.hikari.HikariDataSource       : HikariPool-1 - Starting...
2019-05-29 01:52:35.221  INFO 23006 --- [    Test worker] com.zaxxer.hikari.HikariDataSource       : HikariPool-1 - Start completed.
2019-05-29 01:52:35.302  INFO 23006 --- [    Test worker] o.hibernate.jpa.internal.util.LogHelper  : HHH000204: Processing PersistenceUnitInfo [
	name: default
	...]
2019-05-29 01:52:35.366  INFO 23006 --- [    Test worker] org.hibernate.Version                    : HHH000412: Hibernate Core {5.3.10.Final}
2019-05-29 01:52:35.368  INFO 23006 --- [    Test worker] org.hibernate.cfg.Environment            : HHH000206: hibernate.properties not found
2019-05-29 01:52:35.512  INFO 23006 --- [    Test worker] o.hibernate.annotations.common.Version   : HCANN000001: Hibernate Commons Annotations {5.0.4.Final}
2019-05-29 01:52:35.655  INFO 23006 --- [    Test worker] org.hibernate.dialect.Dialect            : HHH000400: Using dialect: org.hibernate.dialect.H2Dialect
2019-05-29 01:52:36.232  INFO 23006 --- [    Test worker] o.h.t.schema.internal.SchemaCreatorImpl  : HHH000476: Executing import script 'org.hibernate.tool.schema.internal.exec.ScriptSourceInputNonExistentImpl@3718e7f4'
2019-05-29 01:52:36.234  INFO 23006 --- [    Test worker] j.LocalContainerEntityManagerFactoryBean : Initialized JPA EntityManagerFactory for persistence unit 'default'
2019-05-29 01:52:36.936  WARN 23006 --- [    Test worker] aWebConfiguration$JpaWebMvcConfiguration : spring.jpa.open-in-view is enabled by default. Therefore, database queries may be performed during view rendering. Explicitly configure spring.jpa.open-in-view to disable this warning
2019-05-29 01:52:37.357  INFO 23006 --- [    Test worker] o.s.b.a.e.web.EndpointLinksResolver      : Exposing 2 endpoint(s) beneath base path '/actuator'
2019-05-29 01:52:47.768  INFO 23006 --- [    Test worker] pertySourcedRequestMappingHandlerMapping : Mapped URL path [/v2/api-docs] onto method [public org.springframework.http.ResponseEntity<springfox.documentation.spring.web.json.Json> springfox.documentation.swagger2.web.Swagger2Controller.getDocumentation(java.lang.String,javax.servlet.http.HttpServletRequest)]
2019-05-29 01:52:48.217  INFO 23006 --- [    Test worker] o.s.s.concurrent.ThreadPoolTaskExecutor  : Initializing ExecutorService 'applicationTaskExecutor'
2019-05-29 01:52:48.677  INFO 23006 --- [    Test worker] d.s.w.p.DocumentationPluginsBootstrapper : Context refreshed
2019-05-29 01:52:48.700  INFO 23006 --- [    Test worker] d.s.w.p.DocumentationPluginsBootstrapper : Found 1 custom documentation plugin(s)
2019-05-29 01:52:48.725  INFO 23006 --- [    Test worker] s.d.s.w.s.ApiListingReferenceScanner     : Scanning for api listing references
2019-05-29 01:52:48.876  INFO 23006 --- [    Test worker] .d.s.w.r.o.CachingOperationNameGenerator : Generating unique operation named: handleUsingGET_1
2019-05-29 01:52:48.878  INFO 23006 --- [    Test worker] .d.s.w.r.o.CachingOperationNameGenerator : Generating unique operation named: handleUsingGET_2
2019-05-29 01:52:48.881  INFO 23006 --- [    Test worker] .d.s.w.r.o.CachingOperationNameGenerator : Generating unique operation named: handleUsingGET_3
2019-05-29 01:52:48.922  INFO 23006 --- [    Test worker] c.e.p.ProductRepositoryApplicationTests  : Started ProductRepositoryApplicationTests in 30.959 seconds (JVM running for 31.897)
]]></system-out>
  <system-err><![CDATA[]]></system-err>
</testsuite>
